0 silly argv {
0 silly argv   _: [ 'run' ],
0 silly argv   sort: true,
0 silly argv   stream: true,
0 silly argv   lernaVersion: '4.0.0',
0 silly argv   '$0': '/Users/niklas.kiefer/bpmn-io/form-js/node_modules/.bin/lerna',
0 silly argv   script: 'build'
0 silly argv }
1 notice cli v4.0.0
2 verbose rootPath /Users/niklas.kiefer/bpmn-io/form-js
3 error JSONError: Unexpected string in JSON at position 2169 while parsing '{  "name": "@bpmn-io/form-js",  "versi' in packages/form-js/package.json
3 error
3 error [0m [90m 58 |[39m     [32m"@bpmn-io/form-js-editor"[39m[33m:[39m [32m"^0.7.2"[39m[33m,[39m[0m
3 error [0m [90m 59 |[39m     [32m"@bpmn-io/form-js-viewer"[39m[33m:[39m [32m"^0.7.2"[39m[0m
3 error [0m[31m[1m>[22m[39m[90m 60 |[39m     [32m"@bpmn-io/form-js-playground"[39m[33m:[39m [32m"^0.7.2"[39m[0m
3 error [0m [90m    |[39m     [31m[1m^[22m[39m[0m
3 error [0m [90m 61 |[39m   }[33m,[39m[0m
3 error [0m [90m 62 |[39m   [32m"sideEffects"[39m[33m:[39m [[0m
3 error [0m [90m 63 |[39m     [32m"*.css"[39m[0m
3 error
3 error     at parseJson (/Users/niklas.kiefer/bpmn-io/form-js/node_modules/load-json-file/node_modules/parse-json/index.js:29:21)
3 error     at parse (/Users/niklas.kiefer/bpmn-io/form-js/node_modules/load-json-file/index.js:15:9)
3 error     at module.exports (/Users/niklas.kiefer/bpmn-io/form-js/node_modules/load-json-file/index.js:18:47)
